0 info it worked if it ends with ok
1 verbose cli [ 'node',
1 verbose cli   '/home/brmk/.meteor/packages/meteor-tool/.1.3.2_4.1l5cpfm++os.linux.x86_64+web.browser+web.cordova/mt-os.linux.x86_64/dev_bundle/bin/npm',
1 verbose cli   'install',
1 verbose cli   '--save',
1 verbose cli   'reactive-array' ]
2 info using npm@2.14.22
3 info using node@v0.10.43
4 verbose install initial load of /home/brmk/Projects/Alex/anti/src/package.json
5 verbose readDependencies loading dependencies from /home/brmk/Projects/Alex/anti/src/package.json
6 silly cache add args [ 'reactive-array', null ]
7 verbose cache add spec reactive-array
8 silly cache add parsed spec { raw: 'reactive-array',
8 silly cache add   scope: null,
8 silly cache add   name: 'reactive-array',
8 silly cache add   rawSpec: '',
8 silly cache add   spec: 'latest',
8 silly cache add   type: 'tag' }
9 silly addNamed reactive-array@latest
10 verbose addNamed "latest" is being treated as a dist-tag for reactive-array
11 info addNameTag [ 'reactive-array', 'latest' ]
12 silly mapToRegistry name reactive-array
13 silly mapToRegistry using default registry
14 silly mapToRegistry registry https://registry.npmjs.org/
15 silly mapToRegistry uri https://registry.npmjs.org/reactive-array
16 verbose addNameTag registry:https://registry.npmjs.org/reactive-array not in flight; fetching
17 verbose request uri https://registry.npmjs.org/reactive-array
18 verbose request no auth needed
19 info attempt registry request try #1 at 14:48:49
20 verbose request id df731f70399c95a0
21 http request GET https://registry.npmjs.org/reactive-array
22 http 404 https://registry.npmjs.org/reactive-array
23 verbose headers { 'content-type': 'application/json',
23 verbose headers   'cache-control': 'max-age=0',
23 verbose headers   'content-length': '2',
23 verbose headers   'accept-ranges': 'bytes',
23 verbose headers   date: 'Thu, 28 Apr 2016 11:48:50 GMT',
23 verbose headers   via: '1.1 varnish',
23 verbose headers   age: '0',
23 verbose headers   connection: 'keep-alive',
23 verbose headers   'x-served-by': 'cache-ams4129-AMS',
23 verbose headers   'x-cache': 'MISS',
23 verbose headers   'x-cache-hits': '0',
23 verbose headers   'x-timer': 'S1461844129.624542,VS0,VE383',
23 verbose headers   vary: 'Accept-Encoding' }
24 silly get cb [ 404,
24 silly get   { 'content-type': 'application/json',
24 silly get     'cache-control': 'max-age=0',
24 silly get     'content-length': '2',
24 silly get     'accept-ranges': 'bytes',
24 silly get     date: 'Thu, 28 Apr 2016 11:48:50 GMT',
24 silly get     via: '1.1 varnish',
24 silly get     age: '0',
24 silly get     connection: 'keep-alive',
24 silly get     'x-served-by': 'cache-ams4129-AMS',
24 silly get     'x-cache': 'MISS',
24 silly get     'x-cache-hits': '0',
24 silly get     'x-timer': 'S1461844129.624542,VS0,VE383',
24 silly get     vary: 'Accept-Encoding' } ]
25 verbose stack Error: Registry returned 404 for GET on https://registry.npmjs.org/reactive-array
25 verbose stack     at makeError (/home/brmk/.meteor/packages/meteor-tool/.1.3.2_4.1l5cpfm++os.linux.x86_64+web.browser+web.cordova/mt-os.linux.x86_64/dev_bundle/lib/node_modules/npm/node_modules/npm-registry-client/lib/request.js:264:12)
25 verbose stack     at CachingRegistryClient.<anonymous> (/home/brmk/.meteor/packages/meteor-tool/.1.3.2_4.1l5cpfm++os.linux.x86_64+web.browser+web.cordova/mt-os.linux.x86_64/dev_bundle/lib/node_modules/npm/node_modules/npm-registry-client/lib/request.js:242:14)
25 verbose stack     at Request._callback (/home/brmk/.meteor/packages/meteor-tool/.1.3.2_4.1l5cpfm++os.linux.x86_64+web.browser+web.cordova/mt-os.linux.x86_64/dev_bundle/lib/node_modules/npm/node_modules/npm-registry-client/lib/request.js:172:14)
25 verbose stack     at Request.self.callback (/home/brmk/.meteor/packages/meteor-tool/.1.3.2_4.1l5cpfm++os.linux.x86_64+web.browser+web.cordova/mt-os.linux.x86_64/dev_bundle/lib/node_modules/npm/node_modules/request/request.js:199:22)
25 verbose stack     at Request.emit (events.js:98:17)
25 verbose stack     at Request.<anonymous> (/home/brmk/.meteor/packages/meteor-tool/.1.3.2_4.1l5cpfm++os.linux.x86_64+web.browser+web.cordova/mt-os.linux.x86_64/dev_bundle/lib/node_modules/npm/node_modules/request/request.js:1036:10)
25 verbose stack     at Request.emit (events.js:117:20)
25 verbose stack     at IncomingMessage.<anonymous> (/home/brmk/.meteor/packages/meteor-tool/.1.3.2_4.1l5cpfm++os.linux.x86_64+web.browser+web.cordova/mt-os.linux.x86_64/dev_bundle/lib/node_modules/npm/node_modules/request/request.js:963:12)
25 verbose stack     at IncomingMessage.emit (events.js:117:20)
25 verbose stack     at _stream_readable.js:944:16
26 verbose statusCode 404
27 verbose pkgid reactive-array
28 verbose cwd /home/brmk/Projects/Alex/anti/src
29 error Linux 3.13.0-37-generic
30 error argv "node" "/home/brmk/.meteor/packages/meteor-tool/.1.3.2_4.1l5cpfm++os.linux.x86_64+web.browser+web.cordova/mt-os.linux.x86_64/dev_bundle/bin/npm" "install" "--save" "reactive-array"
31 error node v0.10.43
32 error npm  v2.14.22
33 error code E404
34 error 404 Registry returned 404 for GET on https://registry.npmjs.org/reactive-array
34 error 404
34 error 404 'reactive-array' is not in the npm registry.
34 error 404 You should bug the author to publish it (or use the name yourself!)
34 error 404 It was specified as a dependency of 'anti-toggl'
34 error 404
34 error 404 Note that you can also install from a
34 error 404 tarball, folder, http url, or git url.
35 verbose exit [ 1, true ]
